Section Number: 1.1.1
Level: L1
Description/Recommendation: 'Prevent enabling lock screen camera' is set to 'Enabled'
Compliance: Compliant


Section Number: 1.1.1
Level: L1
Description/Recommendation: 'Enforce password history' is set to '24 or more password(s)'
Compliance: Compliant


Section Number: 1.1.2
Level: L1
Description/Recommendation: 'Prevent enabling lock screen slide show' is set to 'Enabled'
Compliance: Compliant


Section Number: 1.1.2
Level: L1
Description/Recommendation: 'Maximum password age' is set to '365 or fewer days, but not 0'
Compliance: Non-Compliant


Section Number: 1.1.3
Level: L1
Description/Recommendation: 'Minimum password age' is set to '1 or more day(s)'
Compliance: Non-Compliant


Section Number: 1.1.4
Level: L1
Description/Recommendation: 'Minimum password length' is set to '14 or more character(s)'
Compliance: Non-Compliant


Section Number: 1.1.5
Level: L1
Description/Recommendation: 'Password must meet complexity requirements' is set to 'Enabled'
Compliance: Non-Compliant


Section Number: 1.1.7
Level: L1
Description/Recommendation: 'Store passwords using reversible encryption' is set to 'Disabled'
Compliance: Compliant


Section Number: 1.2.1
Level: L1
Description/Recommendation: 'Account lockout duration' is set to '15 or more minute(s)'
Compliance: Non-Compliant


Section Number: 1.2.2
Level: L1
Description/Recommendation: 'Allow users to enable online speech recognition services' is set to 'Disabled'
Compliance: Non-Compliant


Section Number: 1.2.2
Level: L1
Description/Recommendation: 'Account lockout threshold' is set to '5 or fewer invalid logon attempt(s), but not 0'
Compliance: Compliant


Section Number: 1.2.4
Level: L1
Description/Recommendation: 'Reset account lockout counter after' is set to '15 or more minute(s)'
Compliance: Non-Compliant


Section Number: 1.3.1
Level: L1
Description/Recommendation: 'Enable screen saver' is set to 'Enabled'
Compliance: Compliant


Section Number: 1.3.2
Level: L1
Description/Recommendation: 'Password protect the screen saver' is set to 'Enabled'
Compliance: Compliant


Section Number: 1.3.3
Level: L1
Description/Recommendation: 'Screen saver timeout' is set to 'Enabled: 900 seconds or fewer, but not 0'
Compliance: Compliant


Section Number: 2.1.1
Level: L1
Description/Recommendation: 'Configure Windows Defender SmartScreen' is set to 'Enabled'
Compliance: Compliant


Section Number: 3.1.1
Level: L1
Description/Recommendation: 'Accounts: Block Microsoft accounts' is set to 'Users can't add or log on with Microsoft accounts'
Compliance: Non-Compliant


Section Number: 3.1.2
Level: L1
Description/Recommendation: 'Accounts: Guest account status' is set to 'Disabled'
Compliance: Non-Compliant


Section Number: 3.1.3
Level: L1
Description/Recommendation: 'Accounts: Limit local account use of blank passwords to console logon only' is set to 'Enabled'
Compliance: Compliant


Section Number: 3.2.1
Level: L1
Description/Recommendation: 'Audit: Force audit policy subcategory settings (Windows Vista or later) to override audit policy category settings' is set to 'Enabled'
Compliance: Non-Compliant


Section Number: 3.2.2
Level: L1
Description/Recommendation: 'Audit: Shut down system immediately if unable to log security audits' is set to 'Disabled'
Compliance: Compliant


Section Number: 3.3.3
Level: L1
Description/Recommendation: 'Do not allow drive redirection' is set to 'Enabled'
Compliance: Compliant


Section Number: 3.4.1
Level: L1
Description/Recommendation: 'Devices: Allowed to format and eject removable media' is set to 'Administrators and Interactive Users'
Compliance: Compliant


Section Number: 3.6.1
Level: L1
Description/Recommendation: 'Domain member: Digitally encrypt or sign secure channel data (always)' is set to 'Enabled'
Compliance: Compliant


Section Number: 3.6.2
Level: L1
Description/Recommendation: 'Domain member: Digitally encrypt secure channel data (when possible)' is set to 'Enabled'
Compliance: Compliant


Section Number: 3.6.3
Level: L1
Description/Recommendation: 'Domain member: Digitally sign secure channel data (when possible)' is set to 'Enabled'
Compliance: Compliant


Section Number: 3.6.4
Level: L1
Description/Recommendation: 'Domain member: Disable machine account password changes' is set to 'Disabled'
Compliance: Compliant


Section Number: 3.6.5
Level: L1
Description/Recommendation: 'Domain member: Maximum machine account password age' is set to '30 or fewer days, but not 0'
Compliance: Compliant


Section Number: 3.6.6
Level: L1
Description/Recommendation: 'Domain member: Require strong (Windows 2000 or later) session key' is set to 'Enabled'
Compliance: Compliant


Section Number: 3.7.1
Level: L1
Description/Recommendation: 'Interactive logon: Do not require CTRL+ALT+DEL' is set to 'Disabled'
Compliance: Non-Compliant


Section Number: 3.7.2
Level: L1
Description/Recommendation: 'Interactive logon: Don't display last signed-in' is set to 'Enabled'
Compliance: Non-Compliant


Section Number: 3.7.4
Level: L1
Description/Recommendation: 'Interactive logon: Machine inactivity limit' is set to '900 or fewer second(s), but not 0'
Compliance: Non-Compliant


Section Number: 3.7.5
Level: L1
Description/Recommendation: 'Interactive logon: Message text for users attempting to log on' is set to 'Configured'
Compliance: Compliant


Section Number: 3.7.6
Level: L1
Description/Recommendation: 'Interactive logon: Message title for users attempting to log on' is set to 'Configured'
Compliance: Compliant


Section Number: 3.7.8
Level: L1
Description/Recommendation: 'Interactive logon: Prompt user to change password before expiration' is set to ''
Compliance: Non-Compliant


Section Number: 3.7.9
Level: L1
Description/Recommendation: 'Interactive logon: Smart card removal behavior' is set to ''
Compliance: Non-Compliant


Section Number: 3.8.1
Level: L1
Description/Recommendation: 'Microsoft network client: Digitally sign communications (always)' is set to 'Enabled'
Compliance: Non-Compliant


Section Number: 3.8.2
Level: L1
Description/Recommendation: 'Microsoft network client: Digitally sign communications (if server agrees)' is set to 'Enabled'
Compliance: Compliant


Section Number: 3.8.3
Level: L1
Description/Recommendation: 'Microsoft network client: Send unencrypted password to third-party SMB servers' is set to 'Disabled'
Compliance: Compliant


Section Number: 3.9.1
Level: L1
Description/Recommendation: 'Microsoft network server: Amount of idle time required before suspending session' is set to '15 or fewer minute(s)'
Compliance: Compliant


Section Number: 3.9.1
Level: L1
Description/Recommendation: 'Always prompt for password upon connection' is set to 'Enabled'
Compliance: Compliant


Section Number: 3.9.2
Level: L1
Description/Recommendation: 'Require secure RPC communication' is set to 'Enabled'
Compliance: Compliant


Section Number: 3.9.2
Level: L1
Description/Recommendation: 'Microsoft network server: Digitally sign communications (always)' is set to 'Enabled'
Compliance: Non-Compliant


Section Number: 3.9.3
Level: L1
Description/Recommendation: 'Require use of specific security layer for remote (RDP) connections' is set to 'Enabled: SSL'
Compliance: Compliant


Section Number: 3.9.3
Level: L1
Description/Recommendation: 'Microsoft network server: Digitally sign communications (if client agrees)' is set to 'Enabled'
Compliance: Non-Compliant


Section Number: 3.9.4
Level: L1
Description/Recommendation: 'Require user authentication for remote connections by using Network Level Authentication' is set to 'Enabled'
Compliance: Compliant


Section Number: 3.9.4
Level: L1
Description/Recommendation: 'Microsoft network server: Disconnect clients when logon hours expire' is set to 'Enabled'
Compliance: Compliant


Section Number: 3.9.5
Level: L1
Description/Recommendation: 'Microsoft network server: Server SPN target name validation level' is set to 'Accept if provided by client'
Compliance: Compliant


Section Number: 3.9.5
Level: L1
Description/Recommendation: 'Set client connection encryption level' is set to 'Enabled: High Level'
Compliance: Compliant


Section Number: 3.10.1
Level: L1
Description/Recommendation: 'Network access: Allow anonymous SID/Name translation' is set to 'Disabled'
Compliance: Non-Compliant


Section Number: 3.10.2
Level: L1
Description/Recommendation: 'Network access: Do not allow anonymous enumeration of SAM accounts' is set to 'Enabled'
Compliance: Compliant


Section Number: 3.10.3
Level: L1
Description/Recommendation: 'Network access: Do not allow anonymous enumeration of SAM accounts and shares' is set to 'Enabled'
Compliance: Non-Compliant


Section Number: 3.10.4
Level: L1
Description/Recommendation: 'Network access: Do not allow storage of passwords and credentials for network authentication' is set to 'Enabled'
Compliance: Non-Compliant


Section Number: 3.10.5
Level: L1
Description/Recommendation: 'Network access: Let Everyone permissions apply to anonymous users' is set to 'Disabled'
Compliance: Compliant


Section Number: 3.10.6
Level: L1
Description/Recommendation: 'Network access: Named Pipes that can be accessed anonymously' is set to 'None'
Compliance: Compliant


Section Number: 3.10.7
Level: L1
Description/Recommendation: 'Network access: Remotely accessible registry paths' is set to 'Configured'
Compliance: Compliant


Section Number: 3.10.8
Level: L1
Description/Recommendation: 'Network access: Remotely accessible registry paths and sub-paths' is set to 'Configured'
Compliance: Compliant


Section Number: 3.10.9
Level: L1
Description/Recommendation: 'Network access: Restrict anonymous access to Named Pipes and Shares' is set to 'Enabled'
Compliance: Compliant


Section Number: 3.10.10
Level: L1
Description/Recommendation: 'Network access: Restrict clients allowed to make remote calls to SAM' is set to 'Administrators: Remote Access: Allow'
Compliance: Compliant


Section Number: 3.10.11
Level: L1
Description/Recommendation: 'Network access: Shares that can be accessed anonymously' is set to 'None'
Compliance: Compliant


Section Number: 3.10.12
Level: L1
Description/Recommendation: 'Network access: Sharing and security model for local accounts' is set to 'Classic - local users authenticate as themselves'
Compliance: Compliant


Section Number: 3.11.1
Level: L1
Description/Recommendation: 'Network security: Allow Local System to use computer identity for NTLM' is set to 'Enabled'
Compliance: Non-Compliant


Section Number: 3.11.1
Level: L1
Description/Recommendation: 'Do not delete temp folders upon exit' is set to 'Disable'
Compliance: Compliant


Section Number: 3.11.2
Level: L1
Description/Recommendation: 'Network security: Allow LocalSystem NULL session fallback' is set to 'Disabled'
Compliance: Non-Compliant


Section Number: 3.11.3
Level: L1
Description/Recommendation: 'Network Security: Allow PKU2U authentication requests to this computer to use online identities' is set to 'Disabled'
Compliance: Non-Compliant


Section Number: 3.11.4
Level: L1
Description/Recommendation: 'Network security: Configure encryption types allowed for Kerberos' is set to 'AES128_HMAC_SHA1, AES256_HMAC_SHA1, Future encryption types'
Compliance: Compliant


Section Number: 3.11.5
Level: L1
Description/Recommendation: 'Network security: Do not store LAN Manager hash value on next password change' is set to 'Enabled'
Compliance: Compliant


Section Number: 3.11.7
Level: L1
Description/Recommendation: 'Network security: LAN Manager authentication level' is set to 'Send NTLMv2 response only. Refuse LM & NTLM'
Compliance: Compliant


Section Number: 3.11.8
Level: L1
Description/Recommendation: 'Network security: LDAP client signing requirements' is set to 'Negotiate signing'
Compliance: Compliant


Section Number: 3.11.9
Level: L1
Description/Recommendation: 'Network security: Minimum session security for NTLM SSP based (including secure RPC) clients' is set to 'Require NTLMv2 session security, Require 128-bit encryption'
Compliance: Compliant


Section Number: 3.11.10
Level: L1
Description/Recommendation: 'Network security: Minimum session security for NTLM SSP based (including secure RPC) servers' is set to 'Require NTLMv2 session security, Require 128-bit encryption'
Compliance: Compliant


Section Number: 3.15.1
Level: L1
Description/Recommendation: 'System objects: Require case insensitivity for non-Windows subsystems' is set to 'Enabled'
Compliance: Compliant


Section Number: 3.15.2
Level: L1
Description/Recommendation: 'System objects: Strengthen default permissions of internal system objects (e.g. Symbolic Links)' is set to 'Enabled'
Compliance: Compliant


Section Number: 3.17.1
Level: L1
Description/Recommendation: 'User Account Control: Admin Approval Mode for the Built-in Administrator account' is set to 'Enabled'
Compliance: Non-Compliant


Section Number: 3.17.2
Level: L1
Description/Recommendation: 'User Account Control: Behavior of the elevation prompt for administrators in Admin Approval Mode' is set to 'Prompt for consent on the secure desktop'
Compliance: Compliant


Section Number: 3.17.3
Level: L1
Description/Recommendation: 'User Account Control: Behavior of the elevation prompt for standard users' is set to 'Automatically deny elevation requests'
Compliance: Compliant


Section Number: 3.17.4
Level: L1
Description/Recommendation: 'User Account Control: Detect application installations and prompt for elevation' is set to 'Enabled'
Compliance: Compliant


Section Number: 3.17.5
Level: L1
Description/Recommendation: 'User Account Control: Only elevate UIAccess applications that are installed in secure locations' is set to 'Enabled'
Compliance: Compliant


Section Number: 3.17.6
Level: L1
Description/Recommendation: 'User Account Control: Run all administrators in Admin Approval Mode' is set to 'Enabled'
Compliance: Compliant


Section Number: 3.17.7
Level: L1
Description/Recommendation: ''User Account Control: Switch to the secure desktop when prompting for elevation' is set to 'Enabled'
Compliance: Compliant


Section Number: 3.17.8
Level: L1
Description/Recommendation: 'User Account Control: Virtualize file and registry write failures to per-user locations' is set to 'Enabled'
Compliance: Compliant


Section Number: 5.1.1
Level: L1
Description/Recommendation: 'Turn off toast notifications on the lock screen' is set to 'Enabled'
Compliance: Compliant


Section Number: 6.1.1
Level: L1
Description/Recommendation: 'Configure Attack Surface Reduction rules' is set to 'Enabled'
Compliance: Compliant


Section Number: 6.1.2
Level: L1
Description/Recommendation: 'Configure Attack Surface Reduction rules: Set the state for each ASR rule' is set to 'Configure'
Compliance: Non-Compliant


Section Number: 6.3.1
Level: L1
Description/Recommendation: 'Prevent users and apps from accessing dangerous websites' is set to 'Enabled: Block'
Compliance: Compliant


Section Number: 6.4.1
Level: L1
Description/Recommendation: 'Configure DNS over HTTPS (DoH) name resolution' is set to 'Enabled: Allow DoH'
Compliance: Compliant


Section Number: 6.4.2
Level: L1
Description/Recommendation: 'Configure NetBIOS settings' is set to 'Enabled: Disable NetBIOS name resolution on public networks'
Compliance: Compliant


Section Number: 6.4.3
Level: L1
Description/Recommendation: 'Turn off multicast name resolution' is set to 'Enabled'
Compliance: Compliant


Section Number: 6.8.1
Level: L1
Description/Recommendation: 'Enable insecure guest logons' is set to 'Disabled'
Compliance: Compliant


Section Number: 6.11.2
Level: L1
Description/Recommendation: 'Prohibit installation and configuration of Network Bridge on your DNS domain network' is set to 'Enabled'
Compliance: Compliant


Section Number: 6.11.3
Level: L1
Description/Recommendation: 'Prohibit use of Internet Connection Sharing on your DNS domain network' is set to 'Enabled'
Compliance: Compliant


Section Number: 6.11.4
Level: L1
Description/Recommendation: 'Require domain users to elevate when setting a network's location' is set to 'Enabled'
Compliance: Compliant


Section Number: 6.14.1
Level: L1
Description/Recommendation: 'Hardened UNC Paths' is set to 'Enabled, with '
Compliance: Non-Compliant


Section Number: 6.21.1
Level: L1
Description/Recommendation: 'Minimize the number of simultaneous connections to the Internet or a Windows Domain' is set to 'Enabled: 3 = Prevent Wi-Fi when on Ethernet'
Compliance: Compliant


Section Number: 6.21.2
Level: L1
Description/Recommendation: 'Prohibit connection to non-domain networks when connected to domain authenticated network' is set to 'Enabled'
Compliance: Compliant


Section Number: 7.4.1
Level: L1
Description/Recommendation: 'Do not preserve zone information in file attachments' is set to 'Disabled'
Compliance: Compliant


Section Number: 7.4.2
Level: L1
Description/Recommendation: 'Notify antivirus programs when opening attachments' is set to 'Enabled'
Compliance: Compliant


Section Number: 7.7.1
Level: L1
Description/Recommendation: 'Configure Windows spotlight on lock screen' is set to 'Disabled'
Compliance: Compliant


Section Number: 7.7.2
Level: L1
Description/Recommendation: 'Do not suggest third-party content in Windows spotlight' is set to 'Enabled'
Compliance: Compliant


Section Number: 7.7.5
Level: L1
Description/Recommendation: 'Turn off Spotlight collection on Desktop' is set to 'Enabled'
Compliance: Compliant


Section Number: 7.25.1
Level: L1
Description/Recommendation: 'Prevent users from sharing files within their profile' is set to 'Enabled'
Compliance: Compliant


Section Number: 7.40.1
Level: L1
Description/Recommendation: 'Always install with elevated privileges' is set to 'Disabled'
Compliance: Compliant


Section Number: 8.1.1
Level: L1
Description/Recommendation: 'Configure enhanced anti-spoofing' is set to 'Enabled'
Compliance: Compliant


Section Number: 9.1.1
Level: L1
Description/Recommendation: 'Windows Firewall: Domain: Firewall state' is set to 'On (recommended)'
Compliance: Non-Compliant


Section Number: 9.1.2
Level: L1
Description/Recommendation: 'Windows Firewall: Domain: Inbound connections' is set to 'Block (default)'
Compliance: Non-Compliant


Section Number: 9.1.3
Level: L1
Description/Recommendation: 'Windows Firewall: Domain: Outbound connections' is set to 'Allow (default)'
Compliance: Non-Compliant


Section Number: 9.1.4
Level: L1
Description/Recommendation: 'Windows Firewall: Domain: Settings: Display a notification' is set to 'No'
Compliance: Non-Compliant


Section Number: 9.1.5
Level: L1
Description/Recommendation: 'Windows Firewall: Domain: Logging: Name' is set correctly
Compliance: Non-Compliant


Section Number: 9.1.6
Level: L1
Description/Recommendation: 'Windows Firewall: Domain: Logging: Size limit (KB)' is set to '16,384 KB or greater'
Compliance: Non-Compliant


Section Number: 9.1.7
Level: L1
Description/Recommendation: 'Windows Firewall: Domain: Logging: Log dropped packets' is set to 'Yes'
Compliance: Non-Compliant


Section Number: 9.1.8
Level: L1
Description/Recommendation: 'Windows Firewall: Domain: Logging: Log successful connections' is set to 'Yes'
Compliance: Non-Compliant


Section Number: 9.2.1
Level: L1
Description/Recommendation: 'Windows Firewall: Private: Firewall state' is set to 'On (recommended)'
Compliance: Non-Compliant


Section Number: 9.2.2
Level: L1
Description/Recommendation: 'Windows Firewall: Private: Inbound connections' is set to 'Block (default)'
Compliance: Non-Compliant


Section Number: 9.2.3
Level: L1
Description/Recommendation: 'Windows Firewall: Private: Outbound connections' is set to 'Allow (default)'
Compliance: Non-Compliant


Section Number: 9.2.4
Level: L1
Description/Recommendation: 'Windows Firewall: Private: Settings: Display a notification' is set to 'No'
Compliance: Non-Compliant


Section Number: 9.2.5
Level: L1
Description/Recommendation: 'Windows Firewall: Private: Logging: Name' is set correctly
Compliance: Non-Compliant


Section Number: 9.2.6
Level: L1
Description/Recommendation: 'Windows Firewall: Private: Logging: Size limit (KB)' is set to '16,384 KB or greater'
Compliance: Non-Compliant


Section Number: 9.2.7
Level: L1
Description/Recommendation: 'Windows Firewall: Private: Logging: Log dropped packets' is set to 'Yes'
Compliance: Non-Compliant


Section Number: 9.2.8
Level: L1
Description/Recommendation: 'Windows Firewall: Private: Logging: Log successful connections' is set to 'Yes'
Compliance: Non-Compliant


Section Number: 9.3.1
Level: L1
Description/Recommendation: 'Windows Firewall: Public: Firewall state' is set to 'On (recommended)'
Compliance: Non-Compliant


Section Number: 9.3.1
Level: L1
Description/Recommendation: 'Include command line in process creation events' is set to 'Enabled'
Compliance: Non-Compliant


Section Number: 9.3.2
Level: L1
Description/Recommendation: 'Windows Firewall: Public: Inbound connections' is set to 'Block (default)'
Compliance: Non-Compliant


Section Number: 9.3.3
Level: L1
Description/Recommendation: 'Windows Firewall: Public: Outbound connections' is set to 'Allow (default)'
Compliance: Non-Compliant


Section Number: 9.3.4
Level: L1
Description/Recommendation: 'Windows Firewall: Public: Settings: Display a notification' is set to 'No'
Compliance: Non-Compliant


Section Number: 9.3.5
Level: L1
Description/Recommendation: 'Windows Firewall: Public: Settings: Apply local firewall rules' is set to 'No'
Compliance: Non-Compliant


Section Number: 9.3.6
Level: L1
Description/Recommendation: 'Windows Firewall: Public: Settings: Apply local connection security rules' is set to 'No'
Compliance: Non-Compliant


Section Number: 9.3.7
Level: L1
Description/Recommendation: 'Windows Firewall: Public: Logging: Name' is set correctly
Compliance: Non-Compliant


Section Number: 9.3.8
Level: L1
Description/Recommendation: 'Windows Firewall: Public: Logging: Size limit (KB)' is set to '16,384 KB or greater'
Compliance: Non-Compliant


Section Number: 9.3.9
Level: L1
Description/Recommendation: 'Windows Firewall: Public: Logging: Log dropped packets' is set to 'Yes'
Compliance: Non-Compliant


Section Number: 9.3.10
Level: L1
Description/Recommendation: 'Windows Firewall: Public: Logging: Log successful connections' is set to 'Yes'
Compliance: Non-Compliant


Section Number: 9.4.1
Level: L1
Description/Recommendation: 'Encryption Oracle Remediation' is set to 'Enabled: Force Updated Clients'
Compliance: Non-Compliant


Section Number: 9.4.2
Level: L1
Description/Recommendation: 'Remote host allows delegation of non-exportable credentials' is set to 'Enabled'
Compliance: Non-Compliant


Section Number: 9.5.1
Level: L1
Description/Recommendation: 'Turn On Virtualization Based Security' is set to 'Enabled'
Compliance: Compliant


Section Number: 9.5.2
Level: L1
Description/Recommendation: 'Turn On Virtualization Based Security: Select Platform Security Level' is set to 'Secure Boot or higher'
Compliance: Compliant


Section Number: 9.5.3
Level: L1
Description/Recommendation: 'Turn On Virtualization Based Security: Virtualization Based Protection of Code Integrity' is set to 'Enabled with UEFI lock'
Compliance: Compliant


Section Number: 9.5.4
Level: L1
Description/Recommendation: 'Turn On Virtualization Based Security: Require UEFI Memory Attributes Table' is set to 'True (checked)'
Compliance: Compliant


Section Number: 9.5.5
Level: L1
Description/Recommendation: 'Turn On Virtualization Based Security: Credential Guard Configuration' is set to 'Enabled with UEFI lock'
Compliance: Compliant


Section Number: 9.5.6
Level: L1
Description/Recommendation: 'Turn On Virtualization Based Security: Secure Launch Configuration' is set to 'Enabled'
Compliance: Compliant


Section Number: 9.5.7
Level: L1
Description/Recommendation: 'Turn On Virtualization Based Security: Kernel-mode Hardware-enforced Stack Protection' is set to 'Enabled: Enabled in enforcement mode'
Compliance: Compliant


Section Number: 9.7.2
Level: L1
Description/Recommendation: 'Prevent device metadata retrieval from the Internet' is set to 'Enabled'
Compliance: Non-Compliant


Section Number: 9.13.1
Level: L1
Description/Recommendation: 'Boot-Start Driver Initialization Policy' is set to 'Enabled: Good, unknown and bad but critical'
Compliance: Compliant


Section Number: 9.19.2
Level: L1
Description/Recommendation: 'Configure registry policy processing: Do not apply during periodic background processing' is set to 'Enabled: FALSE'
Compliance: Non-Compliant


Section Number: 9.19.3
Level: L1
Description/Recommendation: 'Configure registry policy processing: Process even if the Group Policy objects have not changed' is set to 'Enabled: TRUE'
Compliance: Non-Compliant


Section Number: 9.19.4
Level: L1
Description/Recommendation: 'Continue experiences on this device' is set to 'Disabled'
Compliance: Non-Compliant


Section Number: 9.19.5
Level: L1
Description/Recommendation: 'Turn off background refresh of Group Policy' is set to 'Disabled'
Compliance: Non-Compliant


Section Number: 9.25.1
Level: L1
Description/Recommendation: 'Allow Custom SSPs and APs to be loaded into LSASS' is set to 'Disabled'
Compliance: Compliant


Section Number: 9.25.2
Level: L1
Description/Recommendation: 'Configures LSASS to run as a protected process' is set to 'Enabled: Enabled with UEFI Lock'
Compliance: Compliant


Section Number: 9.27.1
Level: L1
Description/Recommendation: 'Block user from showing account details on sign-in' is set to 'Enabled'
Compliance: Compliant


Section Number: 9.27.2
Level: L1
Description/Recommendation: 'Do not display network selection UI' is set to 'Enabled'
Compliance: Compliant


Section Number: 9.27.3
Level: L1
Description/Recommendation: 'Do not enumerate connected users on domain-joined computers' is set to 'Enabled'
Compliance: Compliant


Section Number: 9.27.4
Level: L1
Description/Recommendation: 'Enumerate local users on domain-joined computers' is set to 'Disabled'
Compliance: Compliant


Section Number: 9.27.5
Level: L1
Description/Recommendation: 'Turn off app notifications on the lock screen' is set to 'Enabled'
Compliance: Compliant


Section Number: 9.27.6
Level: L1
Description/Recommendation: 'Turn off picture password sign-in' is set to 'Enabled'
Compliance: Compliant


Section Number: 9.27.7
Level: L1
Description/Recommendation: 'Turn on convenience PIN sign-in' is set to 'Disabled'
Compliance: Compliant


Section Number: 9.34.1
Level: L1
Description/Recommendation: 'Configure Offer Remote Assistance' is set to 'Disabled'
Compliance: Compliant


Section Number: 9.34.2
Level: L1
Description/Recommendation: 'Configure Solicited Remote Assistance' is set to 'Disabled'
Compliance: Compliant


Section Number: 9.35.1
Level: L1
Description/Recommendation: 'Enable RPC Endpoint Mapper Client Authentication' is set to 'Enabled'
Compliance: Compliant


Section Number: 9.35.2
Level: L1
Description/Recommendation: 'Restrict Unauthenticated RPC clients' is set to 'Enabled: Authenticated'
Compliance: Compliant


Section Number: 10.3.2
Level: L1
Description/Recommendation: 'Prevent non-admin users from installing packaged Windows apps' is set to 'Enabled'
Compliance: Compliant


Section Number: 10.4.1
Level: L1
Description/Recommendation: 'Let Windows apps activate with voice while the system is locked' is set to 'Enabled: Force Deny'
Compliance: Compliant


Section Number: 10.5.1
Level: L1
Description/Recommendation: 'Allow Microsoft accounts to be optional' is set to 'Enabled'
Compliance: Compliant


Section Number: 10.7.1
Level: L1
Description/Recommendation: '' is set to 'Enabled'
Compliance: Compliant


Section Number: 10.7.2
Level: L1
Description/Recommendation: 'Set the default behavior for AutoRun' is set to 'Enabled: Do not execute any autorun commands'
Compliance: Compliant


Section Number: 10.7.3
Level: L1
Description/Recommendation: 'Turn off Autoplay' is set to 'Enabled: All drives'
Compliance: Compliant


Section Number: 10.12.1
Level: L1
Description/Recommendation: 'Turn off cloud consumer account state content' is set to 'Enabled'
Compliance: Compliant


Section Number: 10.12.2
Level: L1
Description/Recommendation: 'Turn off Microsoft consumer experiences' is set to 'Enabled'
Compliance: Compliant


Section Number: 10.13.1
Level: L1
Description/Recommendation: 'Require pin for pairing' is set to 'Enabled: First Time'
Compliance: Compliant


Section Number: 10.14.1
Level: L1
Description/Recommendation: 'Do not display the password reveal button' is set to 'Enabled'
Compliance: Compliant


Section Number: 10.14.2
Level: L1
Description/Recommendation: 'Enumerate administrator accounts on elevation' is set to 'Disabled'
Compliance: Compliant


Section Number: 10.14.3
Level: L1
Description/Recommendation: 'Prevent the use of security questions for local accounts' is set to 'Enabled'
Compliance: Compliant


Section Number: 10.15.1
Level: L1
Description/Recommendation: 'Allow Diagnostic Data' is set to 'Enabled: Send required diagnostic data'
Compliance: Compliant


Section Number: 10.15.3
Level: L1
Description/Recommendation: 'Disable OneSettings Downloads' is set to 'Enabled'
Compliance: Compliant


Section Number: 10.15.4
Level: L1
Description/Recommendation: 'Do not show feedback notifications' is set to 'Enabled'
Compliance: Compliant


Section Number: 10.15.5
Level: L1
Description/Recommendation: 'Enable OneSettings Auditing' is set to 'Enabled'
Compliance: Compliant


Section Number: 10.15.6
Level: L1
Description/Recommendation: 'Limit Diagnostic Log Collection' is set to 'Enabled'
Compliance: Compliant


Section Number: 10.15.7
Level: L1
Description/Recommendation: 'Limit Dump Collection' is set to 'Enabled'
Compliance: Compliant


Section Number: 10.15.8
Level: L1
Description/Recommendation: 'Toggle user control over Insider builds' is set to 'Disabled'
Compliance: Compliant


Section Number: 10.16.1
Level: L1
Description/Recommendation: 'Download Mode' is NOT set to 'Enabled: Internet'
Compliance: Compliant


Section Number: 10.17.1
Level: L1
Description/Recommendation: 'Enable App Installer' is set to 'Disabled'
Compliance: Compliant


Section Number: 10.17.2
Level: L1
Description/Recommendation: 'Enable App Installer Experimental Features' is set to 'Disabled'
Compliance: Compliant


Section Number: 10.17.3
Level: L1
Description/Recommendation: 'Enable App Installer Hash Override' is set to 'Disabled'
Compliance: Compliant


Section Number: 10.17.4
Level: L1
Description/Recommendation: 'Enable App Installer ms-appinstaller protocol' is set to 'Disabled'
Compliance: Compliant


Section Number: 10.29.2
Level: L1
Description/Recommendation: 'Turn off Data Execution Prevention for Explorer' is set to 'Disabled'
Compliance: Compliant


Section Number: 10.29.4
Level: L1
Description/Recommendation: 'Turn off heap termination on corruption' is set to 'Disabled'
Compliance: Compliant


Section Number: 10.29.5
Level: L1
Description/Recommendation: 'Turn off shell protocol protected mode' is set to 'Disabled'
Compliance: Compliant


Section Number: 10.33.1
Level: L1
Description/Recommendation: 'Prevent the computer from joining a homegroup' is set to 'Enabled'
Compliance: Compliant


Section Number: 10.42.1
Level: L1
Description/Recommendation: 'Block all consumer Microsoft account user authentication' is set to 'Enabled'
Compliance: Compliant


Section Number: 10.43.16
Level: L1
Description/Recommendation: 'Configure detection for potentially unwanted applications' is set to 'Enabled: Block'
Compliance: Compliant


Section Number: 10.43.17
Level: L1
Description/Recommendation: 'Turn off Microsoft Defender AntiVirus' is set to 'Disabled'
Compliance: Compliant


Section Number: 10.44.1
Level: L1
Description/Recommendation: 'Allow auditing events in Microsoft Defender Application Guard' is set to 'Enabled'
Compliance: Compliant


Section Number: 10.44.2
Level: L1
Description/Recommendation: 'Allow camera and microphone access in Microsoft Defender Application Guard' is set to 'Disabled'
Compliance: Compliant


Section Number: 10.44.3
Level: L1
Description/Recommendation: 'Allow data persistence for Microsoft Defender Application Guard' is set to 'Disabled'
Compliance: Compliant


Section Number: 10.44.4
Level: L1
Description/Recommendation: 'Allow files to download and save to the host operating system from Microsoft Defender Application Guard' is set to 'Disabled'
Compliance: Compliant


Section Number: 10.44.5
Level: L1
Description/Recommendation: 'Configure Microsoft Defender Application Guard clipboard settings: Clipboard behavior setting' is set to 'Enabled: Enable clipboard operation from an isolated session to the host'
Compliance: Compliant


Section Number: 10.44.6
Level: L1
Description/Recommendation: '' is set to 'Enabled: 1'
Compliance: Compliant


Section Number: 10.51.1
Level: L1
Description/Recommendation: 'Prevent the usage of OneDrive for file storage' is set to 'Enabled'
Compliance: Compliant


Section Number: 10.58.1
Level: L1
Description/Recommendation: 'Prevent downloading of enclosures' is set to 'Enabled'
Compliance: Compliant


Section Number: 10.59.3
Level: L1
Description/Recommendation: 'Allow Cortana' is set to 'Disabled'
Compliance: Compliant


Section Number: 10.59.4
Level: L1
Description/Recommendation: 'Allow Cortana above lock screen' is set to 'Disabled'
Compliance: Compliant


Section Number: 10.59.5
Level: L1
Description/Recommendation: 'Allow indexing of encrypted files' is set to 'Disabled'
Compliance: Compliant


Section Number: 10.59.6
Level: L1
Description/Recommendation: 'Allow search and Cortana to use location' is set to 'Disabled'
Compliance: Compliant


Section Number: 10.66.2
Level: L1
Description/Recommendation: 'Only display the private store within the Microsoft Store' is set to 'Enabled'
Compliance: Compliant


Section Number: 10.66.3
Level: L1
Description/Recommendation: 'Turn off Automatic Download and Install of updates' is set to 'Disabled'
Compliance: Compliant


Section Number: 10.66.4
Level: L1
Description/Recommendation: 'Turn off the offer to update to the latest version of Windows' is set to 'Enabled'
Compliance: Compliant


Section Number: 10.72.1
Level: L1
Description/Recommendation: 'Allow widgets' is set to 'Disabled'
Compliance: Compliant


Section Number: 10.78.1
Level: L1
Description/Recommendation: 'Enables or disables Windows Game Recording and Broadcasting' is set to 'Disabled'
Compliance: Non-Compliant


Section Number: 10.79.1
Level: L1
Description/Recommendation: 'Enable ESS with Supported Peripherals' is set to 'Enabled: 1'
Compliance: Compliant


Section Number: 10.80.2
Level: L1
Description/Recommendation: 'Allow Windows Ink Workspace' is set to 'Enabled: On, but disallow access above lock'
Compliance: Compliant


Section Number: 10.81.1
Level: L1
Description/Recommendation: 'Allow user control over installs' is set to 'Disabled'
Compliance: Compliant


Section Number: 10.81.1
Level: L1
Description/Recommendation: 'Allow user control over installs' is set to 'Disabled'
Compliance: Compliant


Section Number: 10.82.1
Level: L1
Description/Recommendation: 'Enable MPR notifications for the system' is set to 'Disabled'
Compliance: Compliant


Section Number: 10.82.1
Level: L1
Description/Recommendation: 'Sign-in and lock last interactive user automatically after a restart' is set to 'Disabled'
Compliance: Compliant


Section Number: 10.87.1
Level: L1
Description/Recommendation: 'Turn on PowerShell Script Block Logging' is set to 'Enabled'
Compliance: Compliant


Section Number: 10.87.2
Level: L1
Description/Recommendation: 'Turn on PowerShell Transcription' is set to 'Enabled'
Compliance: Compliant


Section Number: 10.91.1
Level: L1
Description/Recommendation: 'Allow clipboard sharing with Windows Sandbox' is set to 'Disabled'
Compliance: Compliant


Section Number: 10.91.2
Level: L1
Description/Recommendation: 'Allow networking in Windows Sandbox' is set to 'Disabled'
Compliance: Compliant


Section Number: 17.1.1
Level: L1
Description/Recommendation: 'Audit Credential Validation' is set to 'Success and Failure'
Compliance: Non-Compliant


Section Number: 17.2.1
Level: L1
Description/Recommendation: 'Audit Application Group Management' is set to 'Success and Failure'
Compliance: Non-Compliant


Section Number: 17.2.2
Level: L1
Description/Recommendation: 'Audit Security Group Management' is set to include 'Success'
Compliance: Non-Compliant


Section Number: 17.2.3
Level: L1
Description/Recommendation: 'Audit User Account Management' is set to 'Success and Failure'
Compliance: Non-Compliant


Section Number: 17.3.1
Level: L1
Description/Recommendation: 'Audit PNP Activity' is set to include 'Success'
Compliance: Non-Compliant


Section Number: 17.3.2
Level: L1
Description/Recommendation: 'Audit Process Creation' is set to include 'Success'
Compliance: Non-Compliant


Section Number: 17.5.1
Level: L1
Description/Recommendation: 'Audit Account Lockout' is set to include 'Failure'
Compliance: Non-Compliant


Section Number: 17.5.2
Level: L1
Description/Recommendation: 'Audit Group Membership' is set to include 'Success'
Compliance: Non-Compliant


Section Number: 17.5.3
Level: L1
Description/Recommendation: 'Audit Logoff' is set to include 'Success'
Compliance: Non-Compliant


Section Number: 17.5.4
Level: L1
Description/Recommendation: 'Audit Logon' is set to 'Success and Failure'
Compliance: Non-Compliant


Section Number: 17.5.5
Level: L1
Description/Recommendation: 'Audit Other Logon/Logoff Events' is set to 'Success and Failure'
Compliance: Non-Compliant


Section Number: 17.5.6
Level: L1
Description/Recommendation: 'Audit Special Logon' is set to include 'Success'
Compliance: Non-Compliant


Section Number: 17.6.1
Level: L1
Description/Recommendation: 'Audit Detailed File Share' is set to include 'Failure'
Compliance: Non-Compliant


Section Number: 17.6.2
Level: L1
Description/Recommendation: 'Audit File Share' is set to 'Success and Failure'
Compliance: Non-Compliant


Section Number: 17.6.3
Level: L1
Description/Recommendation: 'Audit Other Object Access Events' is set to 'Success and Failure'
Compliance: Non-Compliant


Section Number: 17.6.4
Level: L1
Description/Recommendation: 'Audit Removable Storage' is set to 'Success and Failure'
Compliance: Non-Compliant


Section Number: 17.7.1
Level: L1
Description/Recommendation: 'Audit Audit Policy Change' is set to include 'Success'
Compliance: Non-Compliant


Section Number: 17.7.2
Level: L1
Description/Recommendation: 'Audit Authentication Policy Change' is set to include 'Success'
Compliance: Non-Compliant


Section Number: 17.7.3
Level: L1
Description/Recommendation: 'Audit Authorization Policy Change' is set to include 'Success'
Compliance: Non-Compliant


Section Number: 17.7.4
Level: L1
Description/Recommendation: 'Audit MPSSVC Rule-Level Policy Change' is set to 'Success and Failure'
Compliance: Non-Compliant


Section Number: 17.7.5
Level: L1
Description/Recommendation: 'Audit Other Policy Change Events' is set to include 'Failure'
Compliance: Non-Compliant


Section Number: 17.8.1
Level: L1
Description/Recommendation: 'Audit Sensitive Privilege Use' is set to 'Success and Failure'
Compliance: Non-Compliant


Section Number: 17.9.1
Level: L1
Description/Recommendation: 'Audit IPsec Driver' is set to 'Success and Failure'
Compliance: Non-Compliant


Section Number: 17.9.2
Level: L1
Description/Recommendation: 'Audit Other System Events' is set to 'Success and Failure'
Compliance: Non-Compliant


Section Number: 17.9.3
Level: L1
Description/Recommendation: 'Audit Security State Change' is set to include 'Success'
Compliance: Non-Compliant


Section Number: 17.9.4
Level: L1
Description/Recommendation: 'Audit Security System Extension' is set to include 'Success'
Compliance: Non-Compliant


Section Number: 17.9.5
Level: L1
Description/Recommendation: 'Audit System Integrity' is set to 'Success and Failure'
Compliance: Non-Compliant


Section Number: 18.3.1
Level: L1
Description/Recommendation: 'LAPS AdmPwd GPO Extension / CSE' is set to 'Installed'
Compliance: Non-Compliant


Section Number: 18.3.2
Level: L1
Description/Recommendation: 'Do not allow password expiration time longer than required by policy' is set to 'Enabled'
Compliance: Non-Compliant


Section Number: 18.3.3
Level: L1
Description/Recommendation: 'Enable Local Admin Password Management' is set to 'Enabled'
Compliance: Non-Compliant


Section Number: 18.3.4
Level: L1
Description/Recommendation: 'Password Settings: Password Complexity' is set to 'Enabled: Large letters + small letters + numbers + special characters'
Compliance: Non-Compliant


Section Number: 18.3.5
Level: L1
Description/Recommendation: 'Password Settings: Password Length' is set to 'Enabled: 15 or more'
Compliance: Non-Compliant


Section Number: 18.3.6
Level: L1
Description/Recommendation: 'Password Settings: Password Age (Days)' is set to 'Enabled: 30 or fewer'
Compliance: Non-Compliant


Section Number: 18.4.1
Level: L1
Description/Recommendation: 'Apply UAC restrictions to local accounts on network logons' is set to 'Enabled'
Compliance: Non-Compliant


Section Number: 18.4.2
Level: L1
Description/Recommendation: 'Configure RPC packet level privacy setting for incoming connections' is set to 'Enabled'
Compliance: Non-Compliant


Section Number: 18.4.3
Level: L1
Description/Recommendation: 'Configure SMB v1 client driver' is set to 'Enabled: Disable driver'
Compliance: Non-Compliant


Section Number: 18.4.4
Level: L1
Description/Recommendation: 'Configure SMB v1 server' is set to 'Disabled'
Compliance: Non-Compliant


Section Number: 18.4.5
Level: L1
Description/Recommendation: 'Enable Structured Exception Handling Overwrite Protection (SEHOP)' is set to 'Enabled'
Compliance: Non-Compliant


Section Number: 18.4.6
Level: L1
Description/Recommendation: 'NetBT NodeType configuration' is set to 'Enabled: P-node'
Compliance: Non-Compliant


Section Number: 18.4.7
Level: L1
Description/Recommendation: 'WDigest Authentication' is set to 'Disabled'
Compliance: Non-Compliant


Section Number: 18.5.1
Level: L1
Description/Recommendation: 'MSS: (AutoAdminLogon) Enable Automatic Logon (not recommended)' is set to 'Disabled'
Compliance: Non-Compliant


Section Number: 18.5.2
Level: L1
Description/Recommendation: 'MSS: (DisableIPSourceRouting IPv6) IP source routing protection level (protects against packet spoofing)' is set to 'Enabled: Highest protection, source routing is completely disabled'
Compliance: Non-Compliant


Section Number: 18.5.3
Level: L1
Description/Recommendation: 'MSS: (DisableIPSourceRouting) IP source routing protection level (protects against packet spoofing)' is set to 'Enabled: Highest protection, source routing is completely disabled'
Compliance: Non-Compliant


Section Number: 18.5.5
Level: L1
Description/Recommendation: 'MSS: (EnableICMPRedirect) Allow ICMP redirects to override OSPF generated routes' is set to 'Disabled'
Compliance: Non-Compliant


Section Number: 18.5.7
Level: L1
Description/Recommendation: 'MSS: (NoNameReleaseOnDemand) Allow the computer to ignore NetBIOS name release requests except from WINS servers' is set to 'Enabled'
Compliance: Non-Compliant


Section Number: 18.5.9
Level: L1
Description/Recommendation: 'MSS: (SafeDllSearchMode) Enable Safe DLL search mode (recommended)' is set to 'Enabled'
Compliance: Non-Compliant


Section Number: 18.5.10
Level: L1
Description/Recommendation: 'MSS: (ScreenSaverGracePeriod) The time in seconds before the screen saver grace period expires (0 recommended)' is set to 'Enabled: 5 or fewer seconds'
Compliance: Non-Compliant


Section Number: 18.5.13
Level: L1
Description/Recommendation: 'MSS: (WarningLevel) Percentage threshold for the security event log at which the system will generate a warning' is set to 'Enabled: 90% or less'
Compliance: Non-Compliant


Section Number: 18.7.1
Level: L1
Description/Recommendation: 'Allow Print Spooler to accept client connections' is set to 'Disabled'
Compliance: Compliant


Section Number: 18.7.2
Level: L1
Description/Recommendation: 'Configure Redirection Guard' is set to 'Enabled: Redirection Guard Enabled'
Compliance: Compliant


Section Number: 18.7.3
Level: L1
Description/Recommendation: 'Configure RPC connection settings: Protocol to use for outgoing RPC connections' is set to 'Enabled: RPC over TCP'
Compliance: Non-Compliant


Section Number: 18.7.4
Level: L1
Description/Recommendation: 'Configure RPC connection settings: Use authentication for outgoing RPC connections' is set to 'Enabled: Default'
Compliance: Non-Compliant


Section Number: 18.7.5
Level: L1
Description/Recommendation: 'Configure RPC listener settings: Protocols to allow for incoming RPC connections' is set to 'Enabled: RPC over TCP'
Compliance: Non-Compliant


Section Number: 18.7.6
Level: L1
Description/Recommendation: 'Configure RPC listener settings: Authentication protocol to use for incoming RPC connections' is set to 'Enabled: Negotiate'
Compliance: Non-Compliant


Section Number: 18.7.7
Level: L1
Description/Recommendation: 'Configure RPC over TCP port' is set to 'Enabled: 0'
Compliance: Compliant


Section Number: 18.7.8
Level: L1
Description/Recommendation: 'Limits print driver installation to Administrators' is set to 'Enabled'
Compliance: Non-Compliant


Section Number: 18.7.9
Level: L1
Description/Recommendation: 'Manage processing of Queue-specific files' is set to 'Enabled: Limit Queue-specific files to Color profiles'
Compliance: Non-Compliant


Section Number: 18.7.10
Level: L1
Description/Recommendation: 'Point and Print Restrictions: When installing drivers for a new connection' is set to 'Enabled: Show warning and elevation prompt'
Compliance: Non-Compliant


Section Number: 18.7.11
Level: L1
Description/Recommendation: 'Point and Print Restrictions: When updating drivers for an existing connection' is set to 'Enabled: Show warning and elevation prompt'
Compliance: Non-Compliant


Section Number: 20.1.2
Level: L1
Description/Recommendation: 'Turn off downloading of print drivers over HTTP' is set to 'Enabled'
Compliance: Compliant


Section Number: 20.1.6
Level: L1
Description/Recommendation: 'Turn off Internet download for Web publishing and online ordering wizards' is set to 'Enabled'
Compliance: Compliant


Section Number: 23.2.1
Level: L1
Description/Recommendation: 'Allow Windows to automatically connect to suggested open hotspots, to networks shared by contacts, and to hotspots offering paid services' is set to 'Disabled'
Compliance: Compliant


Section Number: 26.1.1
Level: L1
Description/Recommendation: 'Application: Control Event Log behavior when the log file reaches its maximum size' is set to 'Disabled'
Compliance: Compliant


Section Number: 26.1.2
Level: L1
Description/Recommendation: 'Application: Specify the maximum log file size (KB)' is set to 'Enabled: 32,768 or greater'
Compliance: Compliant


Section Number: 26.2.1
Level: L1
Description/Recommendation: 'Security: Control Event Log behavior when the log file reaches its maximum size' is set to 'Disabled'
Compliance: Compliant


Section Number: 26.2.2
Level: L1
Description/Recommendation: 'Security: Specify the maximum log file size (KB)' is set to 'Enabled: 196,608 or greater'
Compliance: Compliant


Section Number: 26.3.1
Level: L1
Description/Recommendation: 'Setup: Control Event Log behavior when the log file reaches its maximum size' is set to 'Disabled'
Compliance: Non-Compliant


Section Number: 26.3.2
Level: L1
Description/Recommendation: 'Setup: Specify the maximum log file size (KB)' is set to 'Enabled: 32,768 or greater'
Compliance: Non-Compliant


Section Number: 26.4.1
Level: L1
Description/Recommendation: 'System: Control Event Log behavior when the log file reaches its maximum size' is set to 'Disabled'
Compliance: Non-Compliant


Section Number: 26.4.2
Level: L1
Description/Recommendation: 'System: Specify the maximum log file size (KB)' is set to 'Enabled: 32,768 or greater'
Compliance: Non-Compliant


Section Number: 32.6.1
Level: L1
Description/Recommendation: 'Allow network connectivity during connected-standby (on battery)' is set to 'Disabled'
Compliance: Compliant


Section Number: 32.6.2
Level: L1
Description/Recommendation: 'Allow network connectivity during connected-standby (plugged in)' is set to 'Disabled'
Compliance: Compliant


Section Number: 32.6.5
Level: L1
Description/Recommendation: 'Require a password when a computer wakes (on battery)' is set to 'Enabled'
Compliance: Compliant


Section Number: 32.6.6
Level: L1
Description/Recommendation: 'Require a password when a computer wakes (plugged in)' is set to 'Enabled'
Compliance: Compliant


Section Number: 43.5.1
Level: L1
Description/Recommendation: 'Configure local setting override for reporting to Microsoft MAPS' is set to 'Disabled'
Compliance: Compliant


Section Number: 43.10.1
Level: L1
Description/Recommendation: 'Scan all downloaded files and attachments' is set to 'Enabled'
Compliance: Compliant


Section Number: 43.10.2
Level: L1
Description/Recommendation: 'Turn off real-time protection' is set to 'Disabled'
Compliance: Compliant


Section Number: 43.10.3
Level: L1
Description/Recommendation: 'Turn on behavior monitoring' is set to 'Enabled'
Compliance: Compliant


Section Number: 43.10.4
Level: L1
Description/Recommendation: 'Turn on script scanning' is set to 'Enabled'
Compliance: Compliant


Section Number: 43.13.1
Level: L1
Description/Recommendation: 'Scan removable drives' is set to 'Enabled'
Compliance: Compliant


Section Number: 43.13.2
Level: L1
Description/Recommendation: 'Turn on e-mail scanning' is set to 'Enabled'
Compliance: Non-Compliant


Section Number: 57.2.3
Level: L1
Description/Recommendation: 'Do not allow passwords to be saved' is set to 'Enabled'
Compliance: Compliant


Section Number: 76.1.1
Level: L1
Description/Recommendation: 'Notify Malicious' is set to 'Enabled'
Compliance: Compliant


Section Number: 76.1.2
Level: L1
Description/Recommendation: 'Notify Password Reuse' is set to 'Enabled'
Compliance: Compliant


Section Number: 76.1.3
Level: L1
Description/Recommendation: 'Notify Unsafe App' is set to 'Enabled'
Compliance: Compliant


Section Number: 76.1.4
Level: L1
Description/Recommendation: 'Service Enabled' is set to 'Enabled'
Compliance: Compliant


Section Number: 76.2.1
Level: L1
Description/Recommendation: 'Configure Windows Defender SmartScreen' is set to 'Enabled: Warn and prevent bypass'
Compliance: Compliant


Section Number: 76.3.1
Level: L1
Description/Recommendation: 'Configure Windows Defender SmartScreen' is set to 'Enabled'
Compliance: Compliant


Section Number: 76.3.2
Level: L1
Description/Recommendation: 'Prevent bypassing Windows Defender SmartScreen prompts for sites' is set to 'Enabled'
Compliance: Compliant


Section Number: 89.1.1
Level: L1
Description/Recommendation: 'Allow Basic authentication' is set to 'Disabled'
Compliance: Compliant


Section Number: 89.1.2
Level: L1
Description/Recommendation: 'Allow unencrypted traffic' is set to 'Disabled'
Compliance: Compliant


Section Number: 89.1.3
Level: L1
Description/Recommendation: 'Disallow Digest authentication' is set to 'Enabled'
Compliance: Compliant


Section Number: 89.2.1
Level: L1
Description/Recommendation: 'Allow Basic authentication' is set to 'Disabled'
Compliance: Compliant


Section Number: 89.2.3
Level: L1
Description/Recommendation: 'Allow unencrypted traffic' is set to 'Disabled'
Compliance: Compliant


Section Number: 89.2.4
Level: L1
Description/Recommendation: 'Disallow WinRM from storing RunAs credentials' is set to 'Enabled'
Compliance: Compliant


Section Number: 92.2.1
Level: L1
Description/Recommendation: 'Prevent users from modifying settings' is set to 'Enabled'
Compliance: Compliant


Section Number: 93.1.1
Level: L1
Description/Recommendation: 'No auto-restart with logged on users for scheduled automatic updates installations' is set to 'Disabled'
Compliance: Compliant


Section Number: 93.1.2
Level: L1
Description/Recommendation: 'Configure Automatic Updates' is set to 'Enabled'
Compliance: Compliant


Section Number: 93.2.2
Level: L1
Description/Recommendation: 'Configure Automatic Updates: Scheduled install day' is set to '0 - Every day'
Compliance: Compliant


Section Number: 93.2.3
Level: L1
Description/Recommendation: 'Remove access to ?oPause updates?? feature' is set to 'Enabled'
Compliance: Compliant


Section Number: 93.4.1
Level: L1
Description/Recommendation: 'Manage preview builds' is set to 'Disabled'
Compliance: Compliant


Section Number: 93.4.2
Level: L1
Description/Recommendation: 'Select when Preview Builds and Feature Updates are received' is set to 'Enabled: 180 or more days'
Compliance: Compliant


Section Number: 93.4.2
Level: L1
Description/Recommendation: 'Select when Preview Builds and Feature Updates are received' is set to 'Enabled: 180 or more days'
Compliance: Compliant


Section Number: 93.4.3
Level: L1
Description/Recommendation: 'Select when Quality Updates are received' is set to 'Enabled: 0 days'
Compliance: Compliant


Section Number: 93.4.3
Level: L1
Description/Recommendation: 'Select when Quality Updates are received' is set to 'Enabled: 0 days'
Compliance: Compliant


